0 info it worked if it ends with ok
1 verbose cli [ 'C:\\Program Files\\nodejs\\node.exe',
1 verbose cli   'C:\\Program Files\\nodejs\\node_modules\\npm\\bin\\npm-cli.js',
1 verbose cli   'i',
1 verbose cli   '-save',
1 verbose cli   'angular-yandex-map' ]
2 info using npm@2.14.7
3 info using node@v4.2.1
4 verbose install initial load of D:\Openserver\OpenServer\domains\profsnab\package.json
5 verbose readDependencies loading dependencies from D:\Openserver\OpenServer\domains\profsnab\package.json
6 silly cache add args [ 'angular-yandex-map', null ]
7 verbose cache add spec angular-yandex-map
8 silly cache add parsed spec Result {
8 silly cache add   raw: 'angular-yandex-map',
8 silly cache add   scope: null,
8 silly cache add   name: 'angular-yandex-map',
8 silly cache add   rawSpec: '',
8 silly cache add   spec: '*',
8 silly cache add   type: 'range' }
9 silly addNamed angular-yandex-map@*
10 verbose addNamed "*" is a valid semver range for angular-yandex-map
11 silly addNameRange { name: 'angular-yandex-map', range: '*', hasData: false }
12 silly mapToRegistry name angular-yandex-map
13 silly mapToRegistry using default registry
14 silly mapToRegistry registry https://registry.npmjs.org/
15 silly mapToRegistry uri https://registry.npmjs.org/angular-yandex-map
16 verbose addNameRange registry:https://registry.npmjs.org/angular-yandex-map not in flight; fetching
17 verbose request uri https://registry.npmjs.org/angular-yandex-map
18 verbose request no auth needed
19 info attempt registry request try #1 at 09:52:27
20 verbose request id 52c046d70ffa2ddc
21 http request GET https://registry.npmjs.org/angular-yandex-map
22 http 404 https://registry.npmjs.org/angular-yandex-map
23 verbose headers { 'content-type': 'application/json',
23 verbose headers   'cache-control': 'max-age=0',
23 verbose headers   'content-length': '2',
23 verbose headers   'accept-ranges': 'bytes',
23 verbose headers   date: 'Sat, 07 May 2016 06:52:31 GMT',
23 verbose headers   via: '1.1 varnish',
23 verbose headers   age: '0',
23 verbose headers   connection: 'keep-alive',
23 verbose headers   'x-served-by': 'cache-fra1248-FRA',
23 verbose headers   'x-cache': 'MISS',
23 verbose headers   'x-cache-hits': '0',
23 verbose headers   'x-timer': 'S1462603951.253720,VS0,VE111',
23 verbose headers   vary: 'Accept-Encoding' }
24 silly get cb [ 404,
24 silly get   { 'content-type': 'application/json',
24 silly get     'cache-control': 'max-age=0',
24 silly get     'content-length': '2',
24 silly get     'accept-ranges': 'bytes',
24 silly get     date: 'Sat, 07 May 2016 06:52:31 GMT',
24 silly get     via: '1.1 varnish',
24 silly get     age: '0',
24 silly get     connection: 'keep-alive',
24 silly get     'x-served-by': 'cache-fra1248-FRA',
24 silly get     'x-cache': 'MISS',
24 silly get     'x-cache-hits': '0',
24 silly get     'x-timer': 'S1462603951.253720,VS0,VE111',
24 silly get     vary: 'Accept-Encoding' } ]
25 verbose stack Error: Registry returned 404 for GET on https://registry.npmjs.org/angular-yandex-map
25 verbose stack     at makeError (C:\Program Files\nodejs\node_modules\npm\node_modules\npm-registry-client\lib\request.js:264:12)
25 verbose stack     at CachingRegistryClient.<anonymous> (C:\Program Files\nodejs\node_modules\npm\node_modules\npm-registry-client\lib\request.js:242:14)
25 verbose stack     at Request._callback (C:\Program Files\nodejs\node_modules\npm\node_modules\npm-registry-client\lib\request.js:172:14)
25 verbose stack     at Request.self.callback (C:\Program Files\nodejs\node_modules\npm\node_modules\request\request.js:198:22)
25 verbose stack     at emitTwo (events.js:87:13)
25 verbose stack     at Request.emit (events.js:172:7)
25 verbose stack     at Request.<anonymous> (C:\Program Files\nodejs\node_modules\npm\node_modules\request\request.js:1063:14)
25 verbose stack     at emitOne (events.js:82:20)
25 verbose stack     at Request.emit (events.js:169:7)
25 verbose stack     at IncomingMessage.<anonymous> (C:\Program Files\nodejs\node_modules\npm\node_modules\request\request.js:1009:12)
26 verbose statusCode 404
27 verbose pkgid angular-yandex-map
28 verbose cwd D:\Openserver\OpenServer\domains\profsnab
29 error Windows_NT 10.0.10586
30 error argv "C:\\Program Files\\nodejs\\node.exe" "C:\\Program Files\\nodejs\\node_modules\\npm\\bin\\npm-cli.js" "i" "-save" "angular-yandex-map"
31 error node v4.2.1
32 error npm  v2.14.7
33 error code E404
34 error 404 Registry returned 404 for GET on https://registry.npmjs.org/angular-yandex-map
34 error 404
34 error 404 'angular-yandex-map' is not in the npm registry.
34 error 404 You should bug the author to publish it (or use the name yourself!)
34 error 404
34 error 404 Note that you can also install from a
34 error 404 tarball, folder, http url, or git url.
35 verbose exit [ 1, true ]
